[debug] [2024-08-19T16:45:21.753Z] ----------------------------------------------------------------------
[debug] [2024-08-19T16:45:21.754Z] Command:       C:\Program Files\nodejs\node.exe C:\Users\ADMINS\AppData\Roaming\npm\node_modules\firebase-tools\lib\bin\firebase.js init
[debug] [2024-08-19T16:45:21.755Z] CLI Version:   13.15.2
[debug] [2024-08-19T16:45:21.755Z] Platform:      win32
[debug] [2024-08-19T16:45:21.755Z] Node Version:  v18.19.1
[debug] [2024-08-19T16:45:21.756Z] Time:          Mon Aug 19 2024 23:45:21 GMT+0700 (เวลาอินโดจีน)
[debug] [2024-08-19T16:45:21.756Z] ----------------------------------------------------------------------
[debug] 
[debug] [2024-08-19T16:45:21.762Z] > command requires scopes: ["email","openid","https://www.googleapis.com/auth/cloudplatformprojects.readonly","https://www.googleapis.com/auth/firebase","https://www.googleapis.com/auth/cloud-platform"]
[debug] [2024-08-19T16:45:21.762Z] > authorizing via signed-in user (benyawadee44@gmail.com)
[info] 
     ######## #### ########  ######## ########     ###     ######  ########
     ##        ##  ##     ## ##       ##     ##  ##   ##  ##       ##
     ######    ##  ########  ######   ########  #########  ######  ######
     ##        ##  ##    ##  ##       ##     ## ##     ##       ## ##
     ##       #### ##     ## ######## ########  ##     ##  ######  ########

You're about to initialize a Firebase project in this directory:

  C:\Users\ADMINS\testproject

[info] 
=== Project Setup
[info] 
[info] First, let's associate this project directory with a Firebase project.
[info] You can create multiple project aliases by running firebase use --add, 
[info] but for now we'll just set up a default project.
[info] 
